SF:lib\services\auth_service.dart
DA:6,3
DA:7,2
DA:8,1
DA:14,1
DA:15,1
DA:18,2
DA:19,1
DA:21,4
DA:22,2
DA:23,2
DA:24,2
DA:25,1
DA:27,1
DA:28,4
DA:30,0
DA:35,1
DA:36,2
DA:37,4
DA:45,1
DA:47,2
DA:48,2
DA:52,3
DA:58,2
LF:23
LH:22
end_of_record
SF:lib\repositories\cart_repository.dart
DA:7,8
DA:8,8
DA:11,5
DA:12,10
DA:16,2
DA:17,10
DA:20,1
DA:21,2
DA:25,1
DA:26,7
LF:10
LH:10
end_of_record
SF:lib\models\product.dart
DA:14,8
LF:1
LH:1
end_of_record
SF:lib\viewmodels\cart_viewmodel.dart
DA:9,0
DA:12,21
DA:14,1
DA:15,5
DA:19,0
DA:20,0
DA:24,4
DA:25,8
DA:26,4
DA:30,0
DA:32,0
DA:35,0
DA:36,0
DA:38,0
DA:42,1
DA:43,2
DA:44,1
DA:47,0
DA:48,0
DA:49,0
LF:20
LH:9
end_of_record
SF:lib\pages\about_page.dart
DA:8,1
DA:10,1
DA:13,1
DA:16,1
DA:19,1
DA:21,1
DA:22,1
DA:23,1
DA:24,1
DA:26,1
DA:27,1
DA:40,1
DA:48,1
DA:50,1
DA:52,1
DA:56,1
DA:63,1
DA:64,2
DA:65,1
DA:67,2
DA:78,1
DA:86,1
DA:94,1
DA:102,1
DA:104,1
DA:106,1
LF:26
LH:26
end_of_record
SF:lib\pages\print_shack_page.dart
DA:9,1
DA:11,2
DA:12,2
DA:37,2
DA:39,2
DA:40,8
DA:43,2
DA:45,4
DA:46,2
DA:48,2
DA:51,2
DA:52,4
DA:53,4
DA:54,4
DA:58,8
DA:60,2
DA:63,2
DA:65,2
DA:67,2
DA:68,2
DA:69,2
DA:71,2
DA:73,2
DA:75,2
DA:77,2
DA:79,2
DA:82,6
DA:83,4
DA:92,12
DA:100,2
DA:102,6
DA:103,2
DA:104,2
DA:105,2
DA:108,8
DA:109,4
DA:110,2
DA:111,1
DA:113,2
DA:114,1
DA:125,6
DA:126,2
DA:128,2
DA:129,6
DA:131,2
DA:132,4
DA:140,2
DA:143,2
DA:144,2
DA:145,2
DA:147,2
DA:151,6
DA:152,1
DA:153,2
DA:158,2
DA:161,2
DA:163,2
DA:164,6
DA:165,1
DA:166,1
DA:167,3
DA:168,4
DA:169,6
DA:172,4
DA:175,3
DA:177,3
DA:178,1
DA:179,3
DA:181,1
DA:182,1
DA:186,1
DA:189,2
LF:72
LH:72
end_of_record
SF:lib\viewmodels\shop_viewmodel.dart
DA:9,2
DA:12,1
DA:13,1
DA:16,1
DA:17,3
DA:18,1
DA:22,0
DA:23,0
DA:26,0
DA:27,0
DA:31,0
DA:32,0
DA:36,0
DA:37,0
LF:14
LH:6
end_of_record
SF:lib\data\dummy_data.dart
DA:3,3
DA:5,1
DA:14,1
DA:23,1
DA:37,1
DA:51,0
DA:52,0
DA:56,0
DA:57,0
DA:58,0
DA:59,0
DA:60,0
DA:62,0
DA:63,0
DA:64,0
DA:65,0
DA:67,0
LF:17
LH:5
end_of_record
SF:lib\main.dart
DA:19,0
DA:20,0
DA:21,0
DA:22,0
DA:23,0
DA:24,0
DA:32,1
DA:34,1
DA:36,1
DA:39,1
DA:44,1
DA:45,1
DA:46,0
DA:47,0
DA:48,0
DA:49,0
DA:50,0
DA:51,0
DA:54,0
DA:55,0
DA:56,0
LF:21
LH:6
end_of_record
SF:lib\pages\home_page.dart
DA:11,1
DA:13,1
DA:15,1
DA:16,1
DA:20,2
DA:21,2
DA:24,1
DA:26,1
DA:27,1
DA:28,1
DA:36,1
DA:37,1
DA:39,1
DA:40,2
DA:42,4
DA:44,1
DA:46,1
DA:47,1
DA:49,1
DA:51,1
DA:62,1
DA:67,1
DA:70,1
DA:72,1
DA:80,1
DA:82,1
DA:83,1
DA:84,1
DA:85,1
DA:86,0
DA:87,0
DA:88,0
DA:89,0
DA:93,1
DA:94,1
DA:95,0
DA:96,0
DA:98,0
DA:99,0
DA:103,1
DA:105,1
DA:107,1
DA:108,1
DA:111,1
DA:112,1
DA:113,2
DA:115,2
DA:118,2
DA:120,1
DA:121,1
DA:123,1
DA:124,4
DA:126,6
DA:130,6
LF:54
LH:46
end_of_record
SF:lib\pages\collections_page.dart
DA:7,1
DA:9,0
DA:11,0
DA:13,0
DA:14,0
DA:15,0
DA:21,0
DA:23,0
DA:30,0
DA:32,0
DA:35,0
DA:38,0
DA:41,0
DA:44,0
DA:47,0
DA:50,0
DA:62,0
DA:63,0
DA:64,0
DA:65,0
DA:67,0
DA:68,0
DA:72,0
DA:73,0
DA:75,0
DA:76,0
DA:78,0
DA:80,0
DA:81,0
DA:82,0
DA:84,0
DA:88,0
DA:89,0
DA:90,0
DA:97,0
DA:99,0
LF:36
LH:1
end_of_record
SF:lib\pages\print_shack_menu_page.dart
DA:6,1
DA:8,0
DA:10,0
DA:12,0
DA:13,0
DA:14,0
DA:25,0
DA:27,0
DA:31,0
DA:32,0
DA:39,0
DA:58,0
DA:59,0
DA:60,0
DA:61,0
DA:66,0
DA:68,0
DA:69,0
DA:70,0
DA:72,0
DA:74,0
DA:75,0
DA:77,0
DA:79,0
LF:24
LH:1
end_of_record
SF:lib\pages\print_shack_about_page.dart
DA:6,1
DA:8,0
DA:10,0
DA:12,0
DA:13,0
DA:14,0
DA:31,0
DA:33,0
DA:35,0
DA:38,0
DA:40,0
DA:50,0
DA:52,0
DA:54,0
DA:56,0
DA:57,0
DA:61,0
DA:65,0
DA:69,0
DA:73,0
DA:91,0
DA:92,0
DA:94,0
DA:96,0
DA:97,0
DA:106,0
LF:26
LH:1
end_of_record
SF:lib\pages\cart_page.dart
DA:9,1
DA:11,0
DA:12,0
DA:17,0
DA:20,0
DA:21,0
DA:22,0
DA:24,0
DA:26,0
DA:27,0
DA:28,0
DA:36,0
DA:37,0
DA:39,0
DA:50,0
DA:51,0
DA:53,0
DA:62,0
DA:65,0
DA:66,0
DA:71,0
DA:75,0
DA:76,0
DA:77,0
DA:78,0
DA:80,0
DA:81,0
DA:89,0
DA:90,0
DA:92,0
DA:93,0
DA:94,0
DA:96,0
DA:98,0
DA:99,0
DA:101,0
DA:102,0
DA:103,0
DA:106,0
DA:112,0
DA:114,0
DA:115,0
DA:118,0
DA:120,0
DA:121,0
DA:122,0
DA:135,0
DA:136,0
DA:151,0
DA:157,0
DA:158,0
DA:165,0
DA:167,0
DA:169,0
DA:170,0
DA:173,0
DA:175,0
DA:177,0
DA:178,0
DA:179,0
DA:180,0
DA:185,0
DA:187,0
DA:188,0
DA:192,0
DA:193,0
DA:194,0
DA:197,0
DA:200,0
DA:201,0
DA:206,0
DA:207,0
DA:208,0
DA:210,0
DA:215,0
DA:216,0
DA:219,0
DA:221,0
DA:224,0
DA:225,0
DA:228,0
DA:229,0
DA:232,0
DA:233,0
DA:235,0
DA:237,0
DA:240,0
DA:241,0
DA:247,0
DA:248,0
DA:250,0
DA:252,0
DA:253,0
DA:254,0
DA:255,0
DA:263,0
DA:268,0
DA:269,0
DA:273,0
DA:275,0
DA:276,0
DA:281,0
DA:283,0
DA:285,0
DA:288,0
DA:291,0
DA:293,0
DA:300,0
DA:302,0
DA:303,0
DA:306,0
DA:307,0
DA:309,0
DA:322,0
DA:325,0
DA:326,0
DA:329,0
DA:331,0
DA:332,0
DA:333,0
DA:334,0
DA:335,0
DA:338,0
DA:349,0
DA:351,0
DA:352,0
DA:353,0
DA:354,0
DA:359,0
DA:362,0
DA:363,0
DA:364,0
DA:365,0
DA:368,0
DA:370,0
DA:371,0
DA:373,0
DA:374,0
DA:376,0
DA:378,0
DA:379,0
DA:380,0
DA:388,0
LF:143
LH:1
end_of_record
SF:lib\pages\login_page.dart
DA:8,1
DA:10,0
DA:11,0
DA:19,0
DA:21,0
DA:23,0
DA:26,0
DA:28,0
DA:30,0
DA:31,0
DA:32,0
DA:34,0
DA:37,0
DA:39,0
DA:40,0
DA:41,0
DA:42,0
DA:45,0
DA:46,0
DA:50,0
DA:51,0
DA:56,0
DA:57,0
DA:63,0
DA:65,0
DA:66,0
DA:67,0
DA:69,0
DA:72,0
DA:73,0
DA:75,0
DA:83,0
DA:84,0
DA:85,0
LF:34
LH:1
end_of_record
SF:lib\pages\sale_page.dart
DA:10,1
DA:12,0
DA:15,0
DA:16,0
DA:18,0
DA:20,0
DA:21,0
DA:22,0
DA:24,0
DA:26,0
DA:27,0
DA:38,0
DA:40,0
DA:42,0
DA:49,0
DA:51,0
DA:52,0
DA:54,0
DA:56,0
DA:60,0
DA:70,0
DA:72,0
DA:75,0
DA:82,0
DA:83,0
DA:95,0
DA:96,0
DA:97,0
DA:98,0
DA:100,0
DA:102,0
DA:104,0
DA:105,0
DA:108,0
DA:114,0
DA:115,0
DA:118,0
DA:121,0
DA:127,0
DA:128,0
DA:129,0
DA:130,0
DA:139,0
DA:140,0
DA:141,0
DA:142,0
LF:46
LH:1
end_of_record
SF:lib\widgets\site_header.dart
DA:8,1
DA:10,5
DA:12,5
DA:13,5
DA:15,5
DA:27,5
DA:30,5
DA:32,5
DA:33,10
DA:36,5
DA:37,5
DA:39,5
DA:40,0
DA:41,5
DA:60,5
DA:62,1
DA:63,2
DA:68,5
DA:70,1
DA:71,1
DA:76,5
DA:77,5
DA:78,10
DA:80,5
DA:82,5
DA:83,5
DA:85,1
DA:87,1
DA:88,1
DA:91,5
DA:92,3
DA:95,3
DA:99,3
DA:100,3
DA:112,5
DA:114,1
DA:115,1
DA:117,1
DA:118,1
DA:119,1
DA:123,3
DA:124,2
DA:137,5
LF:43
LH:42
end_of_record
SF:lib\widgets\site_footer.dart
DA:5,1
DA:7,4
DA:9,4
DA:13,4
DA:15,4
DA:23,4
DA:37,4
DA:38,4
DA:40,4
DA:46,4
DA:48,4
DA:51,4
DA:53,4
DA:56,4
DA:68,4
DA:69,0
DA:71,0
DA:76,4
DA:87,4
DA:89,4
DA:90,4
DA:93,4
DA:94,4
DA:104,4
DA:107,4
DA:108,4
DA:110,8
DA:112,0
DA:125,4
DA:126,4
DA:128,4
DA:130,4
DA:131,4
DA:139,4
DA:140,4
DA:142,4
DA:143,4
LF:37
LH:34
end_of_record
SF:lib\pages\collection_detail_page.dart
DA:13,0
DA:19,0
DA:22,0
DA:23,0
DA:25,0
DA:27,0
DA:28,0
DA:29,0
DA:30,0
DA:32,0
DA:34,0
DA:38,0
DA:39,0
DA:44,0
DA:46,0
DA:49,0
DA:56,0
DA:57,0
DA:62,0
DA:63,0
DA:70,0
DA:71,0
DA:72,0
DA:73,0
DA:75,0
DA:78,0
DA:80,0
DA:81,0
DA:82,0
DA:84,0
DA:85,0
DA:90,0
DA:91,0
DA:99,0
DA:100,0
DA:101,0
DA:102,0
DA:104,0
DA:108,0
LF:39
LH:0
end_of_record
SF:lib\pages\product_page.dart
DA:11,1
DA:13,1
DA:14,1
DA:23,1
DA:25,1
DA:26,4
DA:28,7
DA:29,6
DA:30,6
DA:34,1
DA:36,1
DA:37,2
DA:38,1
DA:39,3
DA:41,1
DA:43,1
DA:44,1
DA:45,1
DA:47,1
DA:51,1
DA:52,1
DA:54,1
DA:61,1
DA:63,1
DA:65,1
DA:66,1
DA:67,1
DA:74,1
DA:75,1
DA:76,1
DA:77,3
DA:81,1
DA:82,3
DA:88,1
DA:89,3
DA:93,1
DA:96,1
DA:97,3
DA:99,1
DA:101,4
DA:102,3
DA:103,1
DA:104,2
DA:106,1
DA:107,1
DA:109,2
DA:110,2
DA:111,2
DA:116,1
DA:121,1
DA:122,1
DA:125,1
DA:128,1
DA:129,1
DA:130,1
DA:131,1
DA:132,2
DA:133,2
DA:134,4
DA:137,1
DA:140,3
DA:142,2
DA:143,2
DA:144,2
DA:150,1
DA:153,1
DA:155,1
DA:156,1
DA:159,2
DA:161,1
DA:163,1
DA:164,3
DA:165,2
DA:166,1
DA:167,1
DA:168,2
DA:169,1
DA:170,1
DA:173,3
DA:174,1
DA:177,2
DA:178,5
DA:181,1
DA:196,1
DA:197,1
DA:198,1
DA:199,1
DA:200,1
DA:202,1
DA:203,1
LF:90
LH:90
end_of_record
SF:lib\widgets\home_carousel.dart
DA:4,1
DA:6,2
DA:7,2
DA:32,2
DA:34,2
DA:35,2
DA:37,2
DA:39,2
DA:40,2
DA:41,4
DA:42,1
DA:43,2
DA:44,1
DA:48,2
DA:49,4
DA:50,2
DA:51,2
DA:53,2
DA:56,2
DA:57,2
DA:58,2
DA:59,2
DA:60,2
DA:62,0
DA:66,2
DA:69,2
DA:80,2
DA:82,2
DA:83,2
DA:84,2
DA:85,2
DA:87,2
DA:90,2
DA:95,2
DA:96,2
DA:98,2
DA:100,2
DA:108,2
DA:110,2
DA:111,2
DA:114,4
DA:116,1
DA:117,2
DA:119,2
DA:120,2
DA:135,2
DA:137,2
DA:139,2
DA:141,0
DA:142,0
DA:147,8
DA:148,2
DA:152,2
DA:154,4
DA:160,2
DA:162,1
DA:163,2
LF:57
LH:54
end_of_record
SF:lib\pages\signup_page.dart
DA:7,1
DA:9,0
DA:10,0
DA:19,0
DA:21,0
DA:23,0
DA:24,0
DA:25,0
DA:27,0
DA:30,0
DA:32,0
DA:33,0
DA:34,0
DA:36,0
DA:37,0
DA:41,0
DA:42,0
DA:47,0
DA:48,0
DA:53,0
DA:54,0
DA:60,0
DA:62,0
DA:63,0
DA:64,0
DA:65,0
DA:66,0
DA:73,0
DA:76,0
DA:83,0
DA:86,0
DA:87,0
DA:89,0
DA:97,0
DA:100,0
DA:101,0
LF:36
LH:1
end_of_record
SF:lib\repositories\product_repository.dart
DA:4,6
DA:6,2
DA:14,2
DA:22,2
DA:30,2
DA:37,2
DA:44,2
DA:51,2
DA:58,2
DA:65,2
DA:73,2
DA:83,2
DA:92,2
DA:101,2
DA:109,2
DA:117,2
DA:128,2
DA:129,2
DA:132,1
DA:133,8
DA:136,1
DA:137,1
DA:138,6
DA:140,6
DA:144,1
DA:145,5
LF:26
LH:26
end_of_record
SF:lib\widgets\mobile_nav_menu.dart
DA:7,1
DA:9,2
DA:10,2
DA:17,2
DA:19,2
DA:21,2
DA:22,2
DA:23,2
DA:25,2
DA:31,2
DA:35,2
DA:36,2
DA:44,2
DA:46,4
DA:47,2
DA:48,2
DA:49,2
DA:58,5
DA:59,2
DA:60,2
DA:61,4
DA:62,2
DA:64,2
DA:65,2
DA:66,2
DA:67,0
DA:72,2
DA:78,2
DA:79,1
DA:80,1
DA:81,1
DA:83,1
DA:85,1
DA:86,2
DA:87,1
DA:93,1
DA:98,2
DA:99,5
DA:100,5
DA:101,2
DA:105,2
DA:106,2
DA:107,2
DA:108,2
DA:109,6
DA:110,6
DA:111,2
DA:112,2
DA:113,2
DA:119,1
DA:120,0
DA:121,0
DA:123,1
DA:124,1
DA:125,1
DA:126,1
DA:127,1
DA:128,1
DA:129,1
DA:130,1
DA:131,1
DA:137,1
DA:138,1
DA:139,1
DA:140,1
DA:141,4
DA:146,2
DA:147,2
DA:149,2
DA:151,2
DA:154,2
DA:156,2
DA:157,6
DA:158,2
LF:74
LH:71
end_of_record
SF:lib\widgets\product_search_delegate.dart
DA:9,1
DA:11,1
DA:12,1
DA:14,0
DA:15,0
DA:22,1
DA:24,1
DA:26,0
DA:27,0
DA:33,0
DA:35,0
DA:39,1
DA:41,1
DA:45,1
DA:47,3
DA:48,5
DA:49,1
DA:51,1
DA:55,1
DA:56,1
DA:57,1
DA:58,1
DA:59,1
DA:60,1
DA:61,1
DA:65,1
DA:67,2
DA:68,4
DA:69,0
DA:71,0
DA:72,0
DA:74,0
LF:32
LH:22
end_of_record
